<?xml version="1.0" encoding="UTF-8"?>
<testsuite errors="0" failures="0" skipped="2" name="" tests="2" time="0.002883">
    <testcase classname="" name="" time="0.002229" assertions="2">
    </testcase>
</testsuite>
