<?xml version="1.0" encoding="UTF-8"?>
<testsuite errors="0" failures="0" skipped="27" name="You can write in visual and text mode" tests="15" time="0.044223">
    <testcase classname="You can write in visual and text mode" name="I can update a post using the text view" time="0.019372" assertions="13">
    </testcase>
    <testcase classname="You can write in visual and text mode" name="I can update a post using the visual view" time="0.013769" assertions="13">
    </testcase>
    <testcase classname="You can write in visual and text mode" name="I can access the content editing screen" time="0.003536" assertions="4">
    </testcase>
    <testcase classname="You can write in visual and text mode" name="I can access the content editing screen" time="0.005411" assertions="5">
    </testcase>
</testsuite>
