<?xml version="1.0" encoding="UTF-8"?>
<testsuite errors="0" failures="0" skipped="11" name="Toolbar" tests="23" time="0.024583">
    <testcase classname="Toolbar" name="I can go to the support forums" time="0.006319" assertions="4">
    </testcase>
    <testcase classname="Toolbar" name="I can add a new page" time="0.003600" assertions="4">
    </testcase>
    <testcase classname="Toolbar" name="I can search using the toolbar" time="0.006056" assertions="5">
    </testcase>
    <testcase classname="Toolbar" name="I can search for text within the toolbar" time="0.006261" assertions="5">
    </testcase>
</testsuite>
