<?xml version="1.0" encoding="UTF-8"?>
<testsuite errors="0" failures="0" skipped="24" name="Verifying if a page is open" tests="48" time="0.031575">
    <testcase classname="Verifying if a page is open" name="Verifying if a page is open (without parameters)" time="0.007721" assertions="6">
    </testcase>
    <testcase classname="Verifying if a page is open" name="Verifying if a page is open (with an url)" time="0.007062" assertions="6">
    </testcase>
    <testcase classname="Verifying if a page is open" name="Verifying if a page is open (with its contents)" time="0.006856" assertions="6">
    </testcase>
    <testcase classname="Verifying if a page is open" name="Verifying if a page is open (with the response)" time="0.007634" assertions="6">
    </testcase>
</testsuite>
