<?xml version="1.0" encoding="UTF-8"?>
<testsuite errors="0" failures="0" skipped="3" name="Navigation around types of WordPress front-end screen." tests="16" time="0.009126">
    <testcase classname="Navigation around types of WordPress front-end screen." name="Access author archive" time="0.008105" assertions="5">
    </testcase>
</testsuite>
