<?xml version="1.0" encoding="UTF-8"?>
<testsuite errors="0" failures="0" skipped="6" name="Injecting a page object factory" tests="37" time="0.007295">
    <testcase classname="Injecting a page object factory" name="Delegating page interactions to page objects" time="0.006614" assertions="6">
    </testcase>
</testsuite>
