<?xml version="1.0" encoding="UTF-8"?>
<testsuite errors="0" failures="0" skipped="2" name="" tests="1" time="0.014153">
    <testcase classname="" name="" time="0.010711" assertions="2">
    </testcase>
</testsuite>
